<?xml version="1.0" encoding="UTF-8"?>
<testsuite name="com.hotel.hotel_server.ClienteControllerTest" tests="1" skipped="0" failures="0" errors="0" timestamp="2025-06-23T00:32:30.254Z" hostname="Daniels-MacBook-Pro.local" time="0.086">
  <properties/>
  <testcase name="deveListarClientes()" classname="com.hotel.hotel_server.ClienteControllerTest" time="0.086"/>
  <system-out><![CDATA[21:32:29.083 [Test worker] INFO org.springframework.test.context.support.AnnotationConfigContextLoaderUtils -- Could not detect default configuration classes for test class [com.hotel.hotel_server.ClienteControllerTest]: ClienteControllerTest does not declare any static, non-private, non-final, nested classes annotated with @Configuration.
21:32:29.149 [Test worker] INFO org.springframework.boot.test.context.SpringBootTestContextBootstrapper -- Found @SpringBootConfiguration com.hotel.hotel_server.HotelServerApplication for test class com.hotel.hotel_server.ClienteControllerTest

  .   ____          _            __ _ _
 /\\ / ___'_ __ _ _(_)_ __  __ _ \ \ \ \
( ( )\___ | '_ | '_| | '_ \/ _` | \ \ \ \
 \\/  ___)| |_)| | | | | || (_| |  ) ) ) )
  '  |____| .__|_| |_|_| |_\__, | / / / /
 =========|_|==============|___/=/_/_/_/

 :: Spring Boot ::                (v3.5.0)

2025-06-22T21:32:29.335-03:00  INFO 76889 --- [    Test worker] c.h.hotel_server.ClienteControllerTest   : Starting ClienteControllerTest using Java 20.0.2 with PID 76889 (started by danielsmanioto in /Users/danielsmanioto/Documents/projects/projets_senior/hotel-server)
2025-06-22T21:32:29.336-03:00  INFO 76889 --- [    Test worker] c.h.hotel_server.ClienteControllerTest   : No active profile set, falling back to 1 default profile: "default"
2025-06-22T21:32:30.218-03:00  INFO 76889 --- [    Test worker] o.s.b.t.m.w.SpringBootMockServletContext : Initializing Spring TestDispatcherServlet ''
2025-06-22T21:32:30.218-03:00  INFO 76889 --- [    Test worker] o.s.t.web.servlet.TestDispatcherServlet  : Initializing Servlet ''
2025-06-22T21:32:30.219-03:00  INFO 76889 --- [    Test worker] o.s.t.web.servlet.TestDispatcherServlet  : Completed initialization in 1 ms
2025-06-22T21:32:30.248-03:00  INFO 76889 --- [    Test worker] c.h.hotel_server.ClienteControllerTest   : Started ClienteControllerTest in 1.061 seconds (process running for 1.624)
]]></system-out>
  <system-err><![CDATA[]]></system-err>
</testsuite>
