<?xml version="1.0" encoding="UTF-8"?>
<testsuite name="com.hotel.hotel_server.ClienteControllerTest" tests="1" skipped="0" failures="0" errors="0" timestamp="2025-06-22T23:50:54.645Z" hostname="Daniels-MacBook-Pro.local" time="0.075">
  <properties/>
  <testcase name="deveListarClientes()" classname="com.hotel.hotel_server.ClienteControllerTest" time="0.075"/>
  <system-out><![CDATA[20:50:53.491 [Test worker] INFO org.springframework.test.context.support.AnnotationConfigContextLoaderUtils -- Could not detect default configuration classes for test class [com.hotel.hotel_server.ClienteControllerTest]: ClienteControllerTest does not declare any static, non-private, non-final, nested classes annotated with @Configuration.
20:50:53.552 [Test worker] INFO org.springframework.boot.test.context.SpringBootTestContextBootstrapper -- Found @SpringBootConfiguration com.hotel.hotel_server.HotelServerApplication for test class com.hotel.hotel_server.ClienteControllerTest

  .   ____          _            __ _ _
 /\\ / ___'_ __ _ _(_)_ __  __ _ \ \ \ \
( ( )\___ | '_ | '_| | '_ \/ _` | \ \ \ \
 \\/  ___)| |_)| | | | | || (_| |  ) ) ) )
  '  |____| .__|_| |_|_| |_\__, | / / / /
 =========|_|==============|___/=/_/_/_/

 :: Spring Boot ::                (v3.5.0)

2025-06-22T20:50:53.753-03:00  INFO 73016 --- [hotel-server] [    Test worker] c.h.hotel_server.ClienteControllerTest   : Starting ClienteControllerTest using Java 20.0.2 with PID 73016 (started by danielsmanioto in /Users/danielsmanioto/Documents/projects/projets_senior/hotel-server)
2025-06-22T20:50:53.754-03:00  INFO 73016 --- [hotel-server] [    Test worker] c.h.hotel_server.ClienteControllerTest   : No active profile set, falling back to 1 default profile: "default"
2025-06-22T20:50:54.622-03:00  INFO 73016 --- [hotel-server] [    Test worker] o.s.b.t.m.w.SpringBootMockServletContext : Initializing Spring TestDispatcherServlet ''
2025-06-22T20:50:54.622-03:00  INFO 73016 --- [hotel-server] [    Test worker] o.s.t.web.servlet.TestDispatcherServlet  : Initializing Servlet ''
2025-06-22T20:50:54.623-03:00  INFO 73016 --- [hotel-server] [    Test worker] o.s.t.web.servlet.TestDispatcherServlet  : Completed initialization in 1 ms
2025-06-22T20:50:54.640-03:00  INFO 73016 --- [hotel-server] [    Test worker] c.h.hotel_server.ClienteControllerTest   : Started ClienteControllerTest in 1.056 seconds (process running for 1.544)
]]></system-out>
  <system-err><![CDATA[]]></system-err>
</testsuite>
